{
  "RSpec": {
    "coverage": {
      "/home/leksster/ror/Rubygarage/Amazon/bookstore/config/environment.rb": [
        null,
        1,
        null,
        null,
        1
      ],
      "/home/leksster/ror/Rubygarage/Amazon/bookstore/config/application.rb": [
        1,
        null,
        1,
        null,
        null,
        null,
        1,
        null,
        1,
        1,
        null,
        null,
        null,
        null,
        null,
        null,
        null,
        null,
        null,
        null,
        null,
        null,
        null,
        1,
        null,
        null
      ],
      "/home/leksster/ror/Rubygarage/Amazon/bookstore/config/boot.rb": [
        1,
        null,
        1
      ],
      "/home/leksster/ror/Rubygarage/Amazon/bookstore/config/environments/test.rb": [
        1,
        null,
        null,
        null,
        null,
        null,
        null,
        1,
        null,
        null,
        null,
        null,
        1,
        null,
        null,
        1,
        1,
        null,
        null,
        1,
        1,
        null,
        null,
        1,
        null,
        null,
        1,
        null,
        null,
        null,
        null,
        1,
        null,
        null,
        1,
        null,
        null,
        1,
        null,
        null,
        null,
        null
      ],
      "/home/leksster/ror/Rubygarage/Amazon/bookstore/config/initializers/assets.rb": [
        null,
        null,
        null,
        1,
        null,
        null,
        null,
        null,
        null,
        null,
        1
      ],
      "/home/leksster/ror/Rubygarage/Amazon/bookstore/config/initializers/backtrace_silencers.rb": [
        null,
        null,
        null,
        null,
        null,
        null,
        null
      ],
      "/home/leksster/ror/Rubygarage/Amazon/bookstore/config/initializers/cookies_serializer.rb": [
        null,
        null,
        1
      ],
      "/home/leksster/ror/Rubygarage/Amazon/bookstore/config/initializers/devise.rb": [
        null,
        null,
        1,
        1,
        null,
        null,
        null,
        null,
        null,
        null,
        null,
        null,
        null,
        null,
        null,
        1,
        null,
        null,
        null,
        null,
        null,
        null,
        null,
        null,
        1,
        null,
        null,
        null,
        null,
        null,
        null,
        null,
        null,
        null,
        null,
        null,
        null,
        null,
        null,
        null,
        null,
        null,
        null,
        null,
        null,
        null,
        1,
        null,
        null,
        null,
        null,
        1,
        null,
        null,
        null,
        null,
        null,
        null,
        null,
        null,
        null,
        null,
        null,
        null,
        null,
        null,
        null,
        null,
        null,
        null,
        null,
        null,
        null,
        null,
        null,
        null,
        null,
        null,
        null,
        null,
        null,
        null,
        1,
        null,
        null,
        null,
        null,
        null,
        null,
        null,
        null,
        null,
        null,
        null,
        null,
        null,
        null,
        null,
        null,
        1,
        null,
        null,
        null,
        null,
        null,
        null,
        null,
        null,
        null,
        null,
        null,
        null,
        null,
        null,
        null,
        null,
        null,
        null,
        null,
        null,
        null,
        null,
        null,
        null,
        null,
        null,
        null,
        1,
        null,
        null,
        null,
        null,
        null,
        null,
        null,
        null,
        null,
        1,
        null,
        null,
        null,
        null,
        null,
        null,
        null,
        null,
        null,
        null,
        1,
        null,
        null,
        null,
        null,
        null,
        null,
        null,
        null,
        null,
        null,
        null,
        null,
        null,
        null,
        null,
        null,
        null,
        null,
        null,
        null,
        null,
        null,
        null,
        null,
        null,
        null,
        null,
        null,
        null,
        null,
        null,
        null,
        null,
        null,
        null,
        null,
        null,
        null,
        null,
        null,
        null,
        null,
        null,
        null,
        null,
        1,
        null,
        null,
        null,
        null,
        null,
        null,
        null,
        null,
        null,
        null,
        null,
        null,
        null,
        null,
        null,
        null,
        null,
        null,
        null,
        null,
        null,
        null,
        null,
        null,
        null,
        null,
        null,
        null,
        null,
        null,
        null,
        null,
        null,
        null,
        null,
        null,
        null,
        null,
        null,
        null,
        null,
        1,
        null,
        null,
        null,
        null,
        null,
        null,
        null,
        null,
        null,
        null,
        null,
        null,
        null,
        null,
        null,
        null,
        null,
        null,
        null,
        null,
        null,
        null,
        null,
        null,
        null,
        null,
        null,
        null,
        null
      ],
      "/home/leksster/ror/Rubygarage/Amazon/bookstore/config/initializers/filter_parameter_logging.rb": [
        null,
        null,
        null,
        1
      ],
      "/home/leksster/ror/Rubygarage/Amazon/bookstore/config/initializers/inflections.rb": [
        null,
        null,
        null,
        null,
        null,
        null,
        null,
        null,
        null,
        null,
        null,
        null,
        null,
        null,
        null,
        null
      ],
      "/home/leksster/ror/Rubygarage/Amazon/bookstore/config/initializers/kaminari_config.rb": [
        1,
        null,
        null,
        null,
        null,
        null,
        null,
        null,
        null,
        null
      ],
      "/home/leksster/ror/Rubygarage/Amazon/bookstore/config/initializers/mime_types.rb": [
        null,
        null,
        null,
        null
      ],
      "/home/leksster/ror/Rubygarage/Amazon/bookstore/config/initializers/omniauth.rb": [

      ],
      "/home/leksster/ror/Rubygarage/Amazon/bookstore/config/initializers/rails_admin.rb": [
        1,
        1,
        null,
        null,
        1,
        1,
        0,
        0,
        0,
        null,
        0,
        0,
        0,
        0,
        0,
        0,
        0,
        0,
        0,
        null,
        0,
        0,
        0,
        null,
        0,
        0,
        0,
        0,
        0,
        0,
        0,
        null,
        null,
        1,
        0,
        0,
        0,
        0,
        0,
        null,
        null,
        null,
        1,
        0,
        0,
        0,
        null,
        0,
        0,
        0,
        0,
        0,
        0,
        null,
        0,
        0,
        0,
        0,
        null,
        0,
        0,
        null,
        null,
        null,
        null,
        null,
        null,
        null,
        null,
        null,
        null,
        null,
        null,
        null,
        null,
        null,
        null,
        null,
        null,
        null,
        null,
        null,
        null,
        1,
        0,
        null,
        null,
        1,
        1,
        1,
        1,
        null,
        1,
        1,
        1,
        1,
        1,
        1,
        1,
        1,
        null,
        null,
        null,
        null,
        null,
        null
      ],
      "/home/leksster/ror/Rubygarage/Amazon/bookstore/lib/rails_admin/overview.rb": [
        1,
        1,
        1,
        1,
        null,
        1,
        1,
        null,
        null,
        1,
        1,
        null,
        null,
        1,
        0,
        null,
        null,
        1,
        0,
        null,
        null,
        null,
        null,
        null
      ],
      "/home/leksster/ror/Rubygarage/Amazon/bookstore/app/models/order.rb": [
        1,
        1,
        1,
        null,
        1,
        null,
        1,
        1,
        1,
        1,
        null,
        1,
        1,
        1,
        null,
        null,
        1,
        1,
        null,
        1,
        1,
        1,
        1,
        1,
        1,
        null,
        1,
        1,
        null,
        null,
        null,
        1,
        3,
        156,
        53,
        53,
        null,
        null,
        null,
        1,
        0,
        null,
        null,
        1,
        0,
        null,
        null
      ],
      "/home/leksster/ror/Rubygarage/Amazon/bookstore/app/models/book.rb": [
        1,
        1,
        1,
        1,
        1,
        1,
        null,
        1,
        1,
        null,
        1,
        1,
        null,
        null,
        9,
        null
      ],
      "/home/leksster/ror/Rubygarage/Amazon/bookstore/app/uploaders/cover_uploader.rb": [
        null,
        null,
        1,
        null,
        null,
        1,
        null,
        null,
        null,
        1,
        null,
        null,
        null,
        null,
        1,
        0,
        null,
        null,
        1,
        33,
        null,
        null,
        null,
        null,
        null,
        null,
        null,
        null,
        null,
        null,
        null,
        null,
        null,
        null,
        null,
        null,
        null,
        null,
        null,
        null,
        null,
        null,
        null,
        null,
        null,
        null,
        null,
        null,
        null,
        null,
        null,
        null,
        null,
        null,
        null
      ],
      "/home/leksster/ror/Rubygarage/Amazon/bookstore/app/models/rating.rb": [
        1,
        1,
        1,
        1,
        1,
        1,
        1,
        null,
        1,
        1,
        1,
        1,
        null,
        null,
        1,
        0,
        null,
        null
      ],
      "/home/leksster/ror/Rubygarage/Amazon/bookstore/config/initializers/session_store.rb": [
        null,
        null,
        1
      ],
      "/home/leksster/ror/Rubygarage/Amazon/bookstore/config/initializers/wrap_parameters.rb": [
        null,
        null,
        null,
        null,
        null,
        null,
        1,
        1,
        null,
        null,
        null,
        null,
        null,
        null
      ],
      "/home/leksster/ror/Rubygarage/Amazon/bookstore/app/models/user.rb": [
        1,
        null,
        1,
        1,
        1,
        null,
        1,
        1,
        null,
        1,
        1,
        1,
        null,
        1,
        1,
        null,
        null,
        null,
        null,
        1,
        null,
        null,
        null,
        null,
        1,
        0,
        null,
        0,
        0,
        0,
        null,
        null,
        null,
        1,
        2,
        null,
        null,
        1,
        2,
        null,
        null,
        1,
        0,
        null,
        null,
        1,
        null,
        1,
        0,
        0,
        0,
        null,
        null,
        1,
        0,
        null,
        null,
        1,
        0,
        0,
        0,
        0,
        0,
        null,
        null,
        null,
        null
      ],
      "/home/leksster/ror/Rubygarage/Amazon/bookstore/config/routes.rb": [
        1,
        1,
        null,
        1,
        1,
        1,
        1,
        1,
        null,
        null,
        null,
        1,
        null,
        1,
        1,
        1,
        null,
        null,
        1,
        1,
        null,
        null,
        1,
        1,
        1,
        1,
        null,
        null,
        1,
        null,
        1,
        null
      ],
      "/home/leksster/ror/Rubygarage/Amazon/bookstore/app/helpers/addresses_helper.rb": [
        1,
        null
      ],
      "/home/leksster/ror/Rubygarage/Amazon/bookstore/app/helpers/application_helper.rb": [
        1,
        null
      ],
      "/home/leksster/ror/Rubygarage/Amazon/bookstore/app/helpers/authors_helper.rb": [
        1,
        null
      ],
      "/home/leksster/ror/Rubygarage/Amazon/bookstore/app/helpers/books_helper.rb": [
        1,
        null
      ],
      "/home/leksster/ror/Rubygarage/Amazon/bookstore/app/helpers/cart_helper.rb": [
        1,
        null
      ],
      "/home/leksster/ror/Rubygarage/Amazon/bookstore/app/helpers/categories_helper.rb": [
        1,
        null
      ],
      "/home/leksster/ror/Rubygarage/Amazon/bookstore/app/helpers/credit_cards_helper.rb": [
        1,
        null
      ],
      "/home/leksster/ror/Rubygarage/Amazon/bookstore/app/helpers/devise_helper.rb": [
        1,
        1,
        3,
        null,
        7,
        1,
        null,
        null,
        null,
        1,
        null,
        null,
        null,
        null,
        null,
        null,
        1,
        null,
        null,
        1,
        0,
        null,
        null,
        null
      ],
      "/home/leksster/ror/Rubygarage/Amazon/bookstore/app/helpers/form_helper.rb": [
        1,
        1,
        0,
        0,
        null,
        null,
        1,
        0,
        0,
        null,
        null
      ],
      "/home/leksster/ror/Rubygarage/Amazon/bookstore/app/helpers/home_helper.rb": [
        1,
        null
      ],
      "/home/leksster/ror/Rubygarage/Amazon/bookstore/app/helpers/orders_helper.rb": [
        1,
        null
      ],
      "/home/leksster/ror/Rubygarage/Amazon/bookstore/app/helpers/ratings_helper.rb": [
        1,
        null
      ],
      "/home/leksster/ror/Rubygarage/Amazon/bookstore/app/helpers/shippings_helper.rb": [
        1,
        null
      ],
      "/home/leksster/ror/Rubygarage/Amazon/bookstore/app/controllers/authors_controller.rb": [
        1,
        1,
        2,
        null,
        null,
        1,
        2,
        2,
        null,
        null
      ],
      "/home/leksster/ror/Rubygarage/Amazon/bookstore/app/controllers/application_controller.rb": [
        1,
        1,
        2,
        null,
        null,
        null,
        1,
        null
      ],
      "/home/leksster/ror/Rubygarage/Amazon/bookstore/app/controllers/books_controller.rb": [
        1,
        1,
        null,
        1,
        2,
        null,
        null,
        1,
        9,
        null,
        null
      ],
      "/home/leksster/ror/Rubygarage/Amazon/bookstore/app/controllers/carts_controller.rb": [
        1,
        1,
        1,
        null,
        1,
        null,
        null,
        1,
        6,
        6,
        6,
        6,
        10,
        5,
        null,
        2,
        null,
        null,
        null,
        null,
        1,
        9,
        9,
        null,
        null,
        1,
        4,
        4,
        null,
        null,
        1,
        4,
        4,
        null,
        null,
        1,
        3,
        3,
        null,
        null,
        1,
        null,
        1,
        33,
        null,
        null
      ],
      "/home/leksster/ror/Rubygarage/Amazon/bookstore/app/controllers/categories_controller.rb": [
        1,
        1,
        2,
        2,
        null,
        null
      ],
      "/home/leksster/ror/Rubygarage/Amazon/bookstore/app/controllers/checkout_controller.rb": [
        1,
        null,
        1,
        1,
        1,
        null,
        1,
        null,
        1,
        54,
        53,
        null,
        12,
        null,
        10,
        null,
        12,
        null,
        53,
        53,
        53,
        53,
        null,
        null,
        1,
        16,
        null,
        7,
        4,
        4,
        null,
        null,
        3,
        null,
        3,
        null,
        3,
        null,
        16,
        null,
        null,
        1,
        null,
        1,
        75,
        null,
        null,
        1,
        13,
        null,
        null,
        null,
        null,
        null
      ],
      "/home/leksster/ror/Rubygarage/Amazon/bookstore/app/controllers/home_controller.rb": [
        1,
        1,
        6,
        null,
        null
      ],
      "/home/leksster/ror/Rubygarage/Amazon/bookstore/app/controllers/orders_controller.rb": [
        1,
        1,
        1,
        null,
        1,
        5,
        5,
        5,
        5,
        5,
        null,
        0,
        null,
        null,
        null,
        1,
        4,
        null,
        null,
        1,
        10,
        10,
        10,
        10,
        10,
        10,
        10,
        10,
        null,
        0,
        null,
        null,
        null,
        1,
        1,
        16,
        null,
        null
      ],
      "/home/leksster/ror/Rubygarage/Amazon/bookstore/app/controllers/ratings_controller.rb": [
        1,
        1,
        1,
        null,
        1,
        3,
        null,
        null,
        1,
        1,
        1,
        1,
        1,
        1,
        null,
        0,
        null,
        null,
        0,
        null,
        null,
        null,
        1,
        null,
        1,
        6,
        null,
        null,
        1,
        2,
        null,
        null
      ],
      "/home/leksster/ror/Rubygarage/Amazon/bookstore/app/controllers/registrations_controller.rb": [
        1,
        1,
        1,
        null,
        1,
        3,
        3,
        4,
        null,
        1,
        2,
        null,
        null,
        null,
        null,
        1,
        3,
        3,
        2,
        4,
        null,
        1,
        2,
        null,
        null,
        null,
        null,
        1,
        1,
        0,
        0,
        null,
        null,
        null,
        1,
        null,
        null,
        1,
        2,
        null,
        null,
        1,
        6,
        null,
        null,
        null,
        null,
        null,
        null,
        null,
        1,
        10,
        null,
        null,
        1,
        2,
        2,
        null,
        null
      ],
      "/home/leksster/ror/Rubygarage/Amazon/bookstore/app/models/ability.rb": [
        1,
        1,
        null,
        1,
        85,
        null,
        85,
        1,
        null,
        84,
        84,
        84,
        24,
        null,
        84,
        null,
        null,
        null
      ],
      "/home/leksster/ror/Rubygarage/Amazon/bookstore/app/models/address.rb": [
        1,
        1,
        1,
        null,
        1,
        null
      ],
      "/home/leksster/ror/Rubygarage/Amazon/bookstore/app/models/author.rb": [
        1,
        1,
        null,
        1,
        null
      ],
      "/home/leksster/ror/Rubygarage/Amazon/bookstore/app/models/category.rb": [
        1,
        1,
        null,
        1,
        null
      ],
      "/home/leksster/ror/Rubygarage/Amazon/bookstore/app/models/country.rb": [
        1,
        1,
        null
      ],
      "/home/leksster/ror/Rubygarage/Amazon/bookstore/app/models/coupon.rb": [
        1,
        1,
        1,
        null
      ],
      "/home/leksster/ror/Rubygarage/Amazon/bookstore/app/models/credit_card.rb": [
        1,
        1,
        1,
        null,
        1,
        1,
        1,
        1,
        null,
        null,
        1,
        0,
        null,
        null,
        1,
        7,
        null,
        null,
        1,
        7,
        null,
        null
      ],
      "/home/leksster/ror/Rubygarage/Amazon/bookstore/app/models/order_item.rb": [
        1,
        1,
        1,
        null,
        1,
        null
      ],
      "/home/leksster/ror/Rubygarage/Amazon/bookstore/app/models/shipping.rb": [
        1,
        1,
        1,
        null,
        1,
        0,
        null,
        null
      ],
      "/home/leksster/ror/Rubygarage/Amazon/bookstore/app/models/cart.rb": [
        1,
        null,
        1,
        null,
        1,
        33,
        null,
        null,
        1,
        7,
        7,
        7,
        7,
        null,
        7,
        7,
        null,
        null,
        null,
        1,
        15,
        15,
        null,
        null,
        null,
        1,
        0,
        0,
        0,
        null,
        0,
        null,
        null,
        1,
        0,
        0,
        0,
        null,
        null,
        1,
        6,
        6,
        null,
        null,
        1,
        1,
        null,
        null,
        1,
        1,
        1,
        1,
        null,
        1,
        null,
        null,
        1,
        7,
        7,
        null,
        null
      ],
      "/home/leksster/ror/Rubygarage/Amazon/bookstore/app/models/billing_address.rb": [
        1,
        null
      ],
      "/home/leksster/ror/Rubygarage/Amazon/bookstore/app/models/shipping_address.rb": [
        1,
        null
      ],
      "/home/leksster/ror/Rubygarage/Amazon/bookstore/app/controllers/omniauth_callbacks_controller.rb": [
        1,
        1,
        null,
        0,
        null,
        0,
        0,
        0,
        null,
        0,
        0,
        null,
        null,
        0,
        null,
        null,
        1,
        0,
        null,
        null
      ]
    },
    "timestamp": 1457557923
  }
}
